-- Found ament_cmake: 2.5.4 (/opt/ros/jazzy/share/ament_cmake/cmake)
-- Override CMake install command with custom implementation using symlinks instead of copying resources
-- Found rclcpp: 28.1.12 (/opt/ros/jazzy/share/rclcpp/cmake)
-- Found rosidl_generator_c: 4.6.6 (/opt/ros/jazzy/share/rosidl_generator_c/cmake)
-- Found rosidl_generator_cpp: 4.6.6 (/opt/ros/jazzy/share/rosidl_generator_cpp/cmake)
-- Using all available rosidl_typesupport_c: rosidl_typesupport_fastrtps_c;rosidl_typesupport_introspection_c
-- Using all available rosidl_typesupport_cpp: rosidl_typesupport_fastrtps_cpp;rosidl_typesupport_introspection_cpp
-- Found rmw_implementation_cmake: 7.3.2 (/opt/ros/jazzy/share/rmw_implementation_cmake/cmake)
-- Found rmw_fastrtps_cpp: 8.4.3 (/opt/ros/jazzy/share/rmw_fastrtps_cpp/cmake)
-- Using RMW implementation 'rmw_fastrtps_cpp' as default
-- Found sensor_msgs: 5.3.6 (/opt/ros/jazzy/share/sensor_msgs/cmake)
-- Configuring done (0.8s)
-- Generating done (0.0s)
-- Build files have been written to: /home/tri/gitee_ws/sdkeli_gitee/build/sdkeli_ls_udp
[ 14%] [32mBuilding CXX object CMakeFiles/sdkeli_ls_core.dir/src/sdkeli_ls_common.cpp.o[0m
[ 28%] [32m[1mLinking CXX static library libsdkeli_ls_core.a[0m
[ 71%] Built target sdkeli_ls_core
[ 85%] [32m[1mLinking CXX executable sdkeli_ls1207de[0m
[100%] Built target sdkeli_ls1207de
-- Install configuration: ""
-- Execute custom install script
-- Up-to-date symlink: /home/tri/gitee_ws/sdkeli_gitee/install/sdkeli_ls_udp/lib/libsdkeli_ls_core.a
-- Up-to-date symlink: /home/tri/gitee_ws/sdkeli_gitee/install/sdkeli_ls_udp/lib/sdkeli_ls_udp/sdkeli_ls1207de
-- Up-to-date symlink: /home/tri/gitee_ws/sdkeli_gitee/install/sdkeli_ls_udp/include//sdkeli_ls_udp/parser_base.h
-- Up-to-date symlink: /home/tri/gitee_ws/sdkeli_gitee/install/sdkeli_ls_udp/include//sdkeli_ls_udp/sdkeli_ls1207de_parser.h
-- Up-to-date symlink: /home/tri/gitee_ws/sdkeli_gitee/install/sdkeli_ls_udp/include//sdkeli_ls_udp/sdkeli_ls_common.h
-- Up-to-date symlink: /home/tri/gitee_ws/sdkeli_gitee/install/sdkeli_ls_udp/include//sdkeli_ls_udp/sdkeli_ls_common_udp.h
-- Up-to-date symlink: /home/tri/gitee_ws/sdkeli_gitee/install/sdkeli_ls_udp/include//sdkeli_ls_udp/sdkeli_ls_config.h
-- Up-to-date symlink: /home/tri/gitee_ws/sdkeli_gitee/install/sdkeli_ls_udp/include//sdkeli_ls_udp/sdkeli_ls_constants.h
-- Up-to-date symlink: /home/tri/gitee_ws/sdkeli_gitee/install/sdkeli_ls_udp/include//sdkeli_ls_udp/sdkeli_ls_sensor_frame.h
-- Symlinking: /home/tri/gitee_ws/sdkeli_gitee/install/sdkeli_ls_udp/share/sdkeli_ls_udp/environment/library_path.sh
-- Symlinking: /home/tri/gitee_ws/sdkeli_gitee/install/sdkeli_ls_udp/share/sdkeli_ls_udp/environment/library_path.dsv
-- Symlinking: /home/tri/gitee_ws/sdkeli_gitee/install/sdkeli_ls_udp/share/ament_index/resource_index/package_run_dependencies/sdkeli_ls_udp
-- Symlinking: /home/tri/gitee_ws/sdkeli_gitee/install/sdkeli_ls_udp/share/ament_index/resource_index/parent_prefix_path/sdkeli_ls_udp
-- Symlinking: /home/tri/gitee_ws/sdkeli_gitee/install/sdkeli_ls_udp/share/sdkeli_ls_udp/environment/ament_prefix_path.sh
-- Symlinking: /home/tri/gitee_ws/sdkeli_gitee/install/sdkeli_ls_udp/share/sdkeli_ls_udp/environment/ament_prefix_path.dsv
-- Symlinking: /home/tri/gitee_ws/sdkeli_gitee/install/sdkeli_ls_udp/share/sdkeli_ls_udp/environment/path.sh
-- Symlinking: /home/tri/gitee_ws/sdkeli_gitee/install/sdkeli_ls_udp/share/sdkeli_ls_udp/environment/path.dsv
-- Symlinking: /home/tri/gitee_ws/sdkeli_gitee/install/sdkeli_ls_udp/share/sdkeli_ls_udp/local_setup.bash
-- Symlinking: /home/tri/gitee_ws/sdkeli_gitee/install/sdkeli_ls_udp/share/sdkeli_ls_udp/local_setup.sh
-- Symlinking: /home/tri/gitee_ws/sdkeli_gitee/install/sdkeli_ls_udp/share/sdkeli_ls_udp/local_setup.zsh
-- Symlinking: /home/tri/gitee_ws/sdkeli_gitee/install/sdkeli_ls_udp/share/sdkeli_ls_udp/local_setup.dsv
-- Symlinking: /home/tri/gitee_ws/sdkeli_gitee/install/sdkeli_ls_udp/share/sdkeli_ls_udp/package.dsv
-- Symlinking: /home/tri/gitee_ws/sdkeli_gitee/install/sdkeli_ls_udp/share/ament_index/resource_index/packages/sdkeli_ls_udp
-- Symlinking: /home/tri/gitee_ws/sdkeli_gitee/install/sdkeli_ls_udp/share/sdkeli_ls_udp/cmake/ament_cmake_export_include_directories-extras.cmake
-- Symlinking: /home/tri/gitee_ws/sdkeli_gitee/install/sdkeli_ls_udp/share/sdkeli_ls_udp/cmake/ament_cmake_export_libraries-extras.cmake
-- Symlinking: /home/tri/gitee_ws/sdkeli_gitee/install/sdkeli_ls_udp/share/sdkeli_ls_udp/cmake/ament_cmake_export_dependencies-extras.cmake
-- Symlinking: /home/tri/gitee_ws/sdkeli_gitee/install/sdkeli_ls_udp/share/sdkeli_ls_udp/cmake/sdkeli_ls_udpConfig.cmake
-- Symlinking: /home/tri/gitee_ws/sdkeli_gitee/install/sdkeli_ls_udp/share/sdkeli_ls_udp/cmake/sdkeli_ls_udpConfig-version.cmake
-- Symlinking: /home/tri/gitee_ws/sdkeli_gitee/install/sdkeli_ls_udp/share/sdkeli_ls_udp/package.xml
