[0.018s] Invoking command in '/home/tri/gitee_ws/sdkeli_gitee/build/sdkeli_ls_udp': CMAKE_PREFIX_PATH=${CMAKE_PREFIX_PATH}:/home/tri/structure_ws/install/camera_info_manager_py:/home/tri/ros2_ws/install/sdkeli_test:/home/tri/ros2_ws/install/rtabmap_python:/opt/ros/jazzy /usr/bin/cmake --build /home/tri/gitee_ws/sdkeli_gitee/build/sdkeli_ls_udp -- -j8 -l8
[0.055s] -- Found ament_cmake: 2.5.4 (/opt/ros/jazzy/share/ament_cmake/cmake)
[0.331s] -- Override CMake install command with custom implementation using symlinks instead of copying resources
[0.341s] -- Found rclcpp: 28.1.12 (/opt/ros/jazzy/share/rclcpp/cmake)
[0.379s] -- Found rosidl_generator_c: 4.6.6 (/opt/ros/jazzy/share/rosidl_generator_c/cmake)
[0.391s] -- Found rosidl_generator_cpp: 4.6.6 (/opt/ros/jazzy/share/rosidl_generator_cpp/cmake)
[0.408s] -- Using all available rosidl_typesupport_c: rosidl_typesupport_fastrtps_c;rosidl_typesupport_introspection_c
[0.427s] -- Using all available rosidl_typesupport_cpp: rosidl_typesupport_fastrtps_cpp;rosidl_typesupport_introspection_cpp
[0.505s] -- Found rmw_implementation_cmake: 7.3.2 (/opt/ros/jazzy/share/rmw_implementation_cmake/cmake)
[0.508s] -- Found rmw_fastrtps_cpp: 8.4.3 (/opt/ros/jazzy/share/rmw_fastrtps_cpp/cmake)
[0.595s] -- Using RMW implementation 'rmw_fastrtps_cpp' as default
[0.683s] -- Found sensor_msgs: 5.3.6 (/opt/ros/jazzy/share/sensor_msgs/cmake)
[0.883s] -- Configuring done (0.8s)
[0.903s] -- Generating done (0.0s)
[0.908s] -- Build files have been written to: /home/tri/gitee_ws/sdkeli_gitee/build/sdkeli_ls_udp
[0.982s] [ 14%] [32mBuilding CXX object CMakeFiles/sdkeli_ls_core.dir/src/sdkeli_ls_common.cpp.o[0m
[3.683s] [01m[K/home/tri/gitee_ws/sdkeli_gitee/src/sdkeli_ls_common.cpp:[m[K In member function ‘[01m[Kint sdkeli_ls_udp::CSDKeliLsCommon::[01;32m[KLoopOnce[m[K()[m[K’:
[3.683s] [01m[K/home/tri/gitee_ws/sdkeli_gitee/src/sdkeli_ls_common.cpp:148:30:[m[K [01;35m[Kwarning: [m[Kcomparison of integer expressions of different signedness: ‘[01m[Kunsigned int[m[K’ and ‘[01m[Kint[m[K’ [[01;35m[K]8;;https://gcc.gnu.org/onlinedocs/gcc/Warning-Options.html#index-Wsign-compare-Wsign-compare]8;;[m[K]
[3.683s]   148 |   for (unsigned int i = 0; [01;35m[Ki < sub_pkg_num - 1[m[K; ++i)
[3.683s]       |                            [01;35m[K~~^~~~~~~~~~~~~~~~~[m[K
[6.562s] [ 28%] [32m[1mLinking CXX static library libsdkeli_ls_core.a[0m
[6.652s] [ 71%] Built target sdkeli_ls_core
[6.696s] [ 85%] [32m[1mLinking CXX executable sdkeli_ls1207de[0m
[6.955s] [100%] Built target sdkeli_ls1207de
[6.972s] Invoked command in '/home/tri/gitee_ws/sdkeli_gitee/build/sdkeli_ls_udp' returned '0': CMAKE_PREFIX_PATH=${CMAKE_PREFIX_PATH}:/home/tri/structure_ws/install/camera_info_manager_py:/home/tri/ros2_ws/install/sdkeli_test:/home/tri/ros2_ws/install/rtabmap_python:/opt/ros/jazzy /usr/bin/cmake --build /home/tri/gitee_ws/sdkeli_gitee/build/sdkeli_ls_udp -- -j8 -l8
[6.987s] Invoking command in '/home/tri/gitee_ws/sdkeli_gitee/build/sdkeli_ls_udp': CMAKE_PREFIX_PATH=${CMAKE_PREFIX_PATH}:/home/tri/structure_ws/install/camera_info_manager_py:/home/tri/ros2_ws/install/sdkeli_test:/home/tri/ros2_ws/install/rtabmap_python:/opt/ros/jazzy /usr/bin/cmake --install /home/tri/gitee_ws/sdkeli_gitee/build/sdkeli_ls_udp
[6.999s] -- Install configuration: ""
[7.000s] -- Execute custom install script
[7.000s] -- Up-to-date symlink: /home/tri/gitee_ws/sdkeli_gitee/install/sdkeli_ls_udp/lib/libsdkeli_ls_core.a
[7.001s] -- Up-to-date symlink: /home/tri/gitee_ws/sdkeli_gitee/install/sdkeli_ls_udp/lib/sdkeli_ls_udp/sdkeli_ls1207de
[7.001s] -- Up-to-date symlink: /home/tri/gitee_ws/sdkeli_gitee/install/sdkeli_ls_udp/include//sdkeli_ls_udp/parser_base.h
[7.001s] -- Up-to-date symlink: /home/tri/gitee_ws/sdkeli_gitee/install/sdkeli_ls_udp/include//sdkeli_ls_udp/sdkeli_ls1207de_parser.h
[7.002s] -- Up-to-date symlink: /home/tri/gitee_ws/sdkeli_gitee/install/sdkeli_ls_udp/include//sdkeli_ls_udp/sdkeli_ls_common.h
[7.002s] -- Up-to-date symlink: /home/tri/gitee_ws/sdkeli_gitee/install/sdkeli_ls_udp/include//sdkeli_ls_udp/sdkeli_ls_common_udp.h
[7.002s] -- Up-to-date symlink: /home/tri/gitee_ws/sdkeli_gitee/install/sdkeli_ls_udp/include//sdkeli_ls_udp/sdkeli_ls_config.h
[7.002s] -- Up-to-date symlink: /home/tri/gitee_ws/sdkeli_gitee/install/sdkeli_ls_udp/include//sdkeli_ls_udp/sdkeli_ls_constants.h
[7.002s] -- Up-to-date symlink: /home/tri/gitee_ws/sdkeli_gitee/install/sdkeli_ls_udp/include//sdkeli_ls_udp/sdkeli_ls_sensor_frame.h
[7.002s] -- Symlinking: /home/tri/gitee_ws/sdkeli_gitee/install/sdkeli_ls_udp/share/sdkeli_ls_udp/environment/library_path.sh
[7.016s] -- Symlinking: /home/tri/gitee_ws/sdkeli_gitee/install/sdkeli_ls_udp/share/sdkeli_ls_udp/environment/library_path.dsv
[7.030s] -- Symlinking: /home/tri/gitee_ws/sdkeli_gitee/install/sdkeli_ls_udp/share/ament_index/resource_index/package_run_dependencies/sdkeli_ls_udp
[7.044s] -- Symlinking: /home/tri/gitee_ws/sdkeli_gitee/install/sdkeli_ls_udp/share/ament_index/resource_index/parent_prefix_path/sdkeli_ls_udp
[7.057s] -- Symlinking: /home/tri/gitee_ws/sdkeli_gitee/install/sdkeli_ls_udp/share/sdkeli_ls_udp/environment/ament_prefix_path.sh
[7.071s] -- Symlinking: /home/tri/gitee_ws/sdkeli_gitee/install/sdkeli_ls_udp/share/sdkeli_ls_udp/environment/ament_prefix_path.dsv
[7.084s] -- Symlinking: /home/tri/gitee_ws/sdkeli_gitee/install/sdkeli_ls_udp/share/sdkeli_ls_udp/environment/path.sh
[7.098s] -- Symlinking: /home/tri/gitee_ws/sdkeli_gitee/install/sdkeli_ls_udp/share/sdkeli_ls_udp/environment/path.dsv
[7.111s] -- Symlinking: /home/tri/gitee_ws/sdkeli_gitee/install/sdkeli_ls_udp/share/sdkeli_ls_udp/local_setup.bash
[7.124s] -- Symlinking: /home/tri/gitee_ws/sdkeli_gitee/install/sdkeli_ls_udp/share/sdkeli_ls_udp/local_setup.sh
[7.137s] -- Symlinking: /home/tri/gitee_ws/sdkeli_gitee/install/sdkeli_ls_udp/share/sdkeli_ls_udp/local_setup.zsh
[7.150s] -- Symlinking: /home/tri/gitee_ws/sdkeli_gitee/install/sdkeli_ls_udp/share/sdkeli_ls_udp/local_setup.dsv
[7.164s] -- Symlinking: /home/tri/gitee_ws/sdkeli_gitee/install/sdkeli_ls_udp/share/sdkeli_ls_udp/package.dsv
[7.177s] -- Symlinking: /home/tri/gitee_ws/sdkeli_gitee/install/sdkeli_ls_udp/share/ament_index/resource_index/packages/sdkeli_ls_udp
[7.190s] -- Symlinking: /home/tri/gitee_ws/sdkeli_gitee/install/sdkeli_ls_udp/share/sdkeli_ls_udp/cmake/ament_cmake_export_include_directories-extras.cmake
[7.204s] -- Symlinking: /home/tri/gitee_ws/sdkeli_gitee/install/sdkeli_ls_udp/share/sdkeli_ls_udp/cmake/ament_cmake_export_libraries-extras.cmake
[7.217s] -- Symlinking: /home/tri/gitee_ws/sdkeli_gitee/install/sdkeli_ls_udp/share/sdkeli_ls_udp/cmake/ament_cmake_export_dependencies-extras.cmake
[7.230s] -- Symlinking: /home/tri/gitee_ws/sdkeli_gitee/install/sdkeli_ls_udp/share/sdkeli_ls_udp/cmake/sdkeli_ls_udpConfig.cmake
[7.243s] -- Symlinking: /home/tri/gitee_ws/sdkeli_gitee/install/sdkeli_ls_udp/share/sdkeli_ls_udp/cmake/sdkeli_ls_udpConfig-version.cmake
[7.257s] -- Symlinking: /home/tri/gitee_ws/sdkeli_gitee/install/sdkeli_ls_udp/share/sdkeli_ls_udp/package.xml
[7.273s] Invoked command in '/home/tri/gitee_ws/sdkeli_gitee/build/sdkeli_ls_udp' returned '0': CMAKE_PREFIX_PATH=${CMAKE_PREFIX_PATH}:/home/tri/structure_ws/install/camera_info_manager_py:/home/tri/ros2_ws/install/sdkeli_test:/home/tri/ros2_ws/install/rtabmap_python:/opt/ros/jazzy /usr/bin/cmake --install /home/tri/gitee_ws/sdkeli_gitee/build/sdkeli_ls_udp
