[0.147s] DEBUG:colcon:Command line arguments: ['/usr/bin/colcon', 'build', '--symlink-install']
[0.148s] DEBUG:colcon:Parsed command line arguments: Namespace(log_base=None, log_level=None, verb_name='build', build_base='build', install_base='install', merge_install=False, symlink_install=True, test_result_base=None, continue_on_error=False, executor='parallel', parallel_workers=8, event_handlers=None, ignore_user_meta=False, metas=['./colcon.meta'], base_paths=['.'], packages_ignore=None, packages_ignore_regex=None, paths=None, packages_up_to=None, packages_up_to_regex=None, packages_above=None, packages_above_and_dependencies=None, packages_above_depth=None, packages_select_by_dep=None, packages_skip_by_dep=None, packages_skip_up_to=None, packages_select_build_failed=False, packages_skip_build_finished=False, packages_select_test_failures=False, packages_skip_test_passed=False, packages_select=None, packages_skip=None, packages_select_regex=None, packages_skip_regex=None, packages_start=None, packages_end=None, allow_overriding=[], cmake_args=None, cmake_target=None, cmake_target_skip_unavailable=False, cmake_clean_cache=False, cmake_clean_first=False, cmake_force_configure=False, ament_cmake_args=None, catkin_cmake_args=None, catkin_skip_building_tests=False, mixin_files=None, mixin=None, verb_parser=<colcon_mixin.mixin.mixin_argument.MixinArgumentDecorator object at 0x7197ae9a6480>, verb_extension=<colcon_core.verb.build.BuildVerb object at 0x7197aeac3800>, main=<bound method BuildVerb.main of <colcon_core.verb.build.BuildVerb object at 0x7197aeac3800>>, mixin_verb=('build',))
[0.197s] Level 1:colcon.colcon_core.package_discovery:discover_packages(colcon_meta) check parameters
[0.197s] Level 1:colcon.colcon_core.package_discovery:discover_packages(recursive) check parameters
[0.197s] Level 1:colcon.colcon_core.package_discovery:discover_packages(ignore) check parameters
[0.197s] Level 1:colcon.colcon_core.package_discovery:discover_packages(path) check parameters
[0.197s] Level 1:colcon.colcon_core.package_discovery:discover_packages(colcon_meta) discover
[0.197s] Level 1:colcon.colcon_core.package_discovery:discover_packages(recursive) discover
[0.197s] INFO:colcon.colcon_core.package_discovery:Crawling recursively for packages in '/home/tri/gitee_ws/sdkeli_gitee'
[0.197s] Level 1:colcon.colcon_core.package_identification:_identify(.) by extensions ['ignore', 'ignore_ament_install']
[0.198s] Level 1:colcon.colcon_core.package_identification:_identify(.) by extension 'ignore'
[0.198s] Level 1:colcon.colcon_core.package_identification:_identify(.) by extension 'ignore_ament_install'
[0.198s] Level 1:colcon.colcon_core.package_identification:_identify(.) by extensions ['colcon_pkg']
[0.198s] Level 1:colcon.colcon_core.package_identification:_identify(.) by extension 'colcon_pkg'
[0.198s] Level 1:colcon.colcon_core.package_identification:_identify(.) by extensions ['colcon_meta']
[0.198s] Level 1:colcon.colcon_core.package_identification:_identify(.) by extension 'colcon_meta'
[0.198s] Level 1:colcon.colcon_core.package_identification:_identify(.) by extensions ['ros']
[0.198s] Level 1:colcon.colcon_core.package_identification:_identify(.) by extension 'ros'
[0.234s] DEBUG:colcon.colcon_core.package_identification:Package '.' with type 'ros.ament_cmake' and name 'sdkeli_ls_udp'
[0.234s] Level 1:colcon.colcon_core.package_discovery:discover_packages(recursive) using defaults
[0.234s] Level 1:colcon.colcon_core.package_discovery:discover_packages(ignore) discover
[0.234s] Level 1:colcon.colcon_core.package_discovery:discover_packages(ignore) using defaults
[0.234s] Level 1:colcon.colcon_core.package_discovery:discover_packages(path) discover
[0.234s] Level 1:colcon.colcon_core.package_discovery:discover_packages(path) using defaults
[0.256s] Level 1:colcon.colcon_core.package_discovery:discover_packages(prefix_path) check parameters
[0.256s] Level 1:colcon.colcon_core.package_discovery:discover_packages(prefix_path) discover
[0.259s] DEBUG:colcon.colcon_installed_package_information.package_discovery:Found 1 installed packages in /home/tri/sdkeli_ros2/install
[0.260s] DEBUG:colcon.colcon_installed_package_information.package_discovery:Found 7 installed packages in /home/tri/structure_ws/install
[0.261s] DEBUG:colcon.colcon_installed_package_information.package_discovery:Found 15 installed packages in /home/tri/ros2_ws/install
[0.261s] DEBUG:colcon.colcon_installed_package_information.package_discovery:Found 3 installed packages in /home/tri/uros_ws/install
[0.262s] DEBUG:colcon.colcon_installed_package_information.package_discovery:Found 1 installed packages in /home/tri/car_ws/install
[0.264s] DEBUG:colcon.colcon_installed_package_information.package_discovery:Found 408 installed packages in /opt/ros/jazzy
[0.267s] Level 1:colcon.colcon_core.package_discovery:discover_packages(prefix_path) using defaults
[0.343s] Level 5:colcon.colcon_core.verb:set package 'sdkeli_ls_udp' build argument 'cmake_args' from command line to 'None'
[0.343s] Level 5:colcon.colcon_core.verb:set package 'sdkeli_ls_udp' build argument 'cmake_target' from command line to 'None'
[0.343s] Level 5:colcon.colcon_core.verb:set package 'sdkeli_ls_udp' build argument 'cmake_target_skip_unavailable' from command line to 'False'
[0.343s] Level 5:colcon.colcon_core.verb:set package 'sdkeli_ls_udp' build argument 'cmake_clean_cache' from command line to 'False'
[0.343s] Level 5:colcon.colcon_core.verb:set package 'sdkeli_ls_udp' build argument 'cmake_clean_first' from command line to 'False'
[0.343s] Level 5:colcon.colcon_core.verb:set package 'sdkeli_ls_udp' build argument 'cmake_force_configure' from command line to 'False'
[0.343s] Level 5:colcon.colcon_core.verb:set package 'sdkeli_ls_udp' build argument 'ament_cmake_args' from command line to 'None'
[0.343s] Level 5:colcon.colcon_core.verb:set package 'sdkeli_ls_udp' build argument 'catkin_cmake_args' from command line to 'None'
[0.343s] Level 5:colcon.colcon_core.verb:set package 'sdkeli_ls_udp' build argument 'catkin_skip_building_tests' from command line to 'False'
[0.343s] DEBUG:colcon.colcon_core.verb:Building package 'sdkeli_ls_udp' with the following arguments: {'ament_cmake_args': None, 'build_base': '/home/tri/gitee_ws/sdkeli_gitee/build/sdkeli_ls_udp', 'catkin_cmake_args': None, 'catkin_skip_building_tests': False, 'cmake_args': None, 'cmake_clean_cache': False, 'cmake_clean_first': False, 'cmake_force_configure': False, 'cmake_target': None, 'cmake_target_skip_unavailable': False, 'install_base': '/home/tri/gitee_ws/sdkeli_gitee/install/sdkeli_ls_udp', 'merge_install': False, 'path': '/home/tri/gitee_ws/sdkeli_gitee', 'symlink_install': True, 'test_result_base': None}
[0.343s] INFO:colcon.colcon_core.executor:Executing jobs using 'parallel' executor
[0.344s] DEBUG:colcon.colcon_parallel_executor.executor.parallel:run_until_complete
[0.344s] INFO:colcon.colcon_ros.task.ament_cmake.build:Building ROS package in '/home/tri/gitee_ws/sdkeli_gitee' with build type 'ament_cmake'
[0.345s] INFO:colcon.colcon_cmake.task.cmake.build:Building CMake package in '/home/tri/gitee_ws/sdkeli_gitee'
[0.347s] INFO:colcon.colcon_core.plugin_system:Skipping extension 'colcon_core.shell.bat': Not used on non-Windows systems
[0.347s] INFO:colcon.colcon_core.shell:Skip shell extension 'powershell' for command environment: Not usable outside of PowerShell
[0.347s] DEBUG:colcon.colcon_core.shell:Skip shell extension 'dsv' for command environment
[0.361s] DEBUG:colcon.colcon_core.event_handler.log_command:Invoking command in '/home/tri/gitee_ws/sdkeli_gitee/build/sdkeli_ls_udp': CMAKE_PREFIX_PATH=${CMAKE_PREFIX_PATH}:/home/tri/structure_ws/install/camera_info_manager_py:/home/tri/ros2_ws/install/sdkeli_test:/home/tri/ros2_ws/install/rtabmap_python:/opt/ros/jazzy /usr/bin/cmake /home/tri/gitee_ws/sdkeli_gitee -DAMENT_CMAKE_SYMLINK_INSTALL=1 -DCMAKE_INSTALL_PREFIX=/home/tri/gitee_ws/sdkeli_gitee/install/sdkeli_ls_udp
[2.273s] DEBUG:colcon.colcon_core.event_handler.log_command:Invoked command in '/home/tri/gitee_ws/sdkeli_gitee/build/sdkeli_ls_udp' returned '0': CMAKE_PREFIX_PATH=${CMAKE_PREFIX_PATH}:/home/tri/structure_ws/install/camera_info_manager_py:/home/tri/ros2_ws/install/sdkeli_test:/home/tri/ros2_ws/install/rtabmap_python:/opt/ros/jazzy /usr/bin/cmake /home/tri/gitee_ws/sdkeli_gitee -DAMENT_CMAKE_SYMLINK_INSTALL=1 -DCMAKE_INSTALL_PREFIX=/home/tri/gitee_ws/sdkeli_gitee/install/sdkeli_ls_udp
[2.275s] DEBUG:colcon.colcon_core.event_handler.log_command:Invoking command in '/home/tri/gitee_ws/sdkeli_gitee/build/sdkeli_ls_udp': CMAKE_PREFIX_PATH=${CMAKE_PREFIX_PATH}:/home/tri/structure_ws/install/camera_info_manager_py:/home/tri/ros2_ws/install/sdkeli_test:/home/tri/ros2_ws/install/rtabmap_python:/opt/ros/jazzy /usr/bin/cmake --build /home/tri/gitee_ws/sdkeli_gitee/build/sdkeli_ls_udp -- -j8 -l8
[2.723s] DEBUG:colcon.colcon_core.event_handler.log_command:Invoked command in '/home/tri/gitee_ws/sdkeli_gitee/build/sdkeli_ls_udp' returned '2': CMAKE_PREFIX_PATH=${CMAKE_PREFIX_PATH}:/home/tri/structure_ws/install/camera_info_manager_py:/home/tri/ros2_ws/install/sdkeli_test:/home/tri/ros2_ws/install/rtabmap_python:/opt/ros/jazzy /usr/bin/cmake --build /home/tri/gitee_ws/sdkeli_gitee/build/sdkeli_ls_udp -- -j8 -l8
[2.723s] Level 1:colcon.colcon_core.environment:create_environment_scripts_only(sdkeli_ls_udp)
[2.726s] Level 1:colcon.colcon_core.environment:checking '/home/tri/gitee_ws/sdkeli_gitee/install/sdkeli_ls_udp' for CMake module files
[2.726s] Level 1:colcon.colcon_core.environment:checking '/home/tri/gitee_ws/sdkeli_gitee/install/sdkeli_ls_udp' for CMake config files
[2.727s] Level 1:colcon.colcon_core.environment:checking '/home/tri/gitee_ws/sdkeli_gitee/install/sdkeli_ls_udp/bin'
[2.727s] Level 1:colcon.colcon_core.environment:checking '/home/tri/gitee_ws/sdkeli_gitee/install/sdkeli_ls_udp/lib/pkgconfig/sdkeli_ls_udp.pc'
[2.727s] Level 1:colcon.colcon_core.environment:checking '/home/tri/gitee_ws/sdkeli_gitee/install/sdkeli_ls_udp/lib/python3.12/site-packages'
[2.727s] Level 1:colcon.colcon_core.environment:checking '/home/tri/gitee_ws/sdkeli_gitee/install/sdkeli_ls_udp/bin'
[2.727s] INFO:colcon.colcon_core.shell:Creating package script '/home/tri/gitee_ws/sdkeli_gitee/install/sdkeli_ls_udp/share/sdkeli_ls_udp/package.ps1'
[2.728s] INFO:colcon.colcon_core.shell:Creating package descriptor '/home/tri/gitee_ws/sdkeli_gitee/install/sdkeli_ls_udp/share/sdkeli_ls_udp/package.dsv'
[2.729s] INFO:colcon.colcon_core.shell:Creating package script '/home/tri/gitee_ws/sdkeli_gitee/install/sdkeli_ls_udp/share/sdkeli_ls_udp/package.sh'
[2.730s] INFO:colcon.colcon_core.shell:Creating package script '/home/tri/gitee_ws/sdkeli_gitee/install/sdkeli_ls_udp/share/sdkeli_ls_udp/package.bash'
[2.730s] INFO:colcon.colcon_core.shell:Creating package script '/home/tri/gitee_ws/sdkeli_gitee/install/sdkeli_ls_udp/share/sdkeli_ls_udp/package.zsh'
[2.731s] Level 1:colcon.colcon_core.environment:create_file_with_runtime_dependencies(/home/tri/gitee_ws/sdkeli_gitee/install/sdkeli_ls_udp/share/colcon-core/packages/sdkeli_ls_udp)
[2.741s] DEBUG:colcon.colcon_parallel_executor.executor.parallel:closing loop
[2.742s] DEBUG:colcon.colcon_parallel_executor.executor.parallel:loop closed
[2.742s] DEBUG:colcon.colcon_parallel_executor.executor.parallel:run_until_complete finished with '2'
[2.742s] DEBUG:colcon.colcon_core.event_reactor:joining thread
[2.748s] INFO:colcon.colcon_core.plugin_system:Skipping extension 'colcon_notification.desktop_notification.notify_send': Could not find 'notify-send'
[2.748s] INFO:colcon.colcon_core.plugin_system:Skipping extension 'colcon_notification.desktop_notification.terminal_notifier': Not used on non-Darwin systems
[2.748s] INFO:colcon.colcon_core.plugin_system:Skipping extension 'colcon_notification.desktop_notification.win32': Not used on non-Windows systems
[2.748s] INFO:colcon.colcon_notification.desktop_notification:Sending desktop notification using 'notify2'
[2.749s] DEBUG:colcon.colcon_notification.desktop_notification.notify2:Failed to initialize notify2: org.freedesktop.DBus.Error.ServiceUnknown: The name org.freedesktop.Notifications was not provided by any .service files
[2.750s] DEBUG:colcon.colcon_core.event_reactor:joined thread
[2.750s] INFO:colcon.colcon_core.shell:Creating prefix script '/home/tri/gitee_ws/sdkeli_gitee/install/local_setup.ps1'
[2.751s] INFO:colcon.colcon_core.shell:Creating prefix util module '/home/tri/gitee_ws/sdkeli_gitee/install/_local_setup_util_ps1.py'
[2.753s] INFO:colcon.colcon_core.shell:Creating prefix chain script '/home/tri/gitee_ws/sdkeli_gitee/install/setup.ps1'
[2.756s] INFO:colcon.colcon_core.shell:Creating prefix script '/home/tri/gitee_ws/sdkeli_gitee/install/local_setup.sh'
[2.756s] INFO:colcon.colcon_core.shell:Creating prefix util module '/home/tri/gitee_ws/sdkeli_gitee/install/_local_setup_util_sh.py'
[2.757s] INFO:colcon.colcon_core.shell:Creating prefix chain script '/home/tri/gitee_ws/sdkeli_gitee/install/setup.sh'
[2.759s] INFO:colcon.colcon_core.shell:Creating prefix script '/home/tri/gitee_ws/sdkeli_gitee/install/local_setup.bash'
[2.759s] INFO:colcon.colcon_core.shell:Creating prefix chain script '/home/tri/gitee_ws/sdkeli_gitee/install/setup.bash'
[2.762s] INFO:colcon.colcon_core.shell:Creating prefix script '/home/tri/gitee_ws/sdkeli_gitee/install/local_setup.zsh'
[2.762s] INFO:colcon.colcon_core.shell:Creating prefix chain script '/home/tri/gitee_ws/sdkeli_gitee/install/setup.zsh'
