[ 14%] [32mBuilding CXX object CMakeFiles/sdkeli_ls_core.dir/src/sdkeli_ls_common.cpp.o[0m
[01m[K/home/tri/gitee_ws/sdkeli_gitee/src/sdkeli_ls_common.cpp:[m[K In member function ‘[01m[Kint sdkeli_ls_udp::CSDKeliLsCommon::[01;32m[KLoopOnce[m[K()[m[K’:
[01m[K/home/tri/gitee_ws/sdkeli_gitee/src/sdkeli_ls_common.cpp:148:30:[m[K [01;35m[Kwarning: [m[Kcomparison of integer expressions of different signedness: ‘[01m[Kunsigned int[m[K’ and ‘[01m[Kint[m[K’ [[01;35m[K]8;;https://gcc.gnu.org/onlinedocs/gcc/Warning-Options.html#index-Wsign-compare-Wsign-compare]8;;[m[K]
  148 |   for (unsigned int i = 0; [01;35m[Ki < sub_pkg_num - 1[m[K; ++i)
      |                            [01;35m[K~~^~~~~~~~~~~~~~~~~[m[K
[ 28%] [32m[1mLinking CXX static library libsdkeli_ls_core.a[0m
[ 71%] Built target sdkeli_ls_core
[ 85%] [32mBuilding CXX object CMakeFiles/sdkeli_ls1207de.dir/src/sdkeli_ls1207de.cpp.o[0m
[100%] [32m[1mLinking CXX executable sdkeli_ls1207de[0m
[100%] Built target sdkeli_ls1207de
-- Install configuration: ""
-- Execute custom install script
-- Symlinking: /home/tri/gitee_ws/sdkeli_gitee/install/sdkeli_ls_udp/lib/libsdkeli_ls_core.a
-- Symlinking: /home/tri/gitee_ws/sdkeli_gitee/install/sdkeli_ls_udp/lib/sdkeli_ls_udp/sdkeli_ls1207de
-- Symlinking: /home/tri/gitee_ws/sdkeli_gitee/install/sdkeli_ls_udp/include//sdkeli_ls_udp/parser_base.h
-- Symlinking: /home/tri/gitee_ws/sdkeli_gitee/install/sdkeli_ls_udp/include//sdkeli_ls_udp/sdkeli_ls1207de_parser.h
-- Symlinking: /home/tri/gitee_ws/sdkeli_gitee/install/sdkeli_ls_udp/include//sdkeli_ls_udp/sdkeli_ls_common.h
-- Symlinking: /home/tri/gitee_ws/sdkeli_gitee/install/sdkeli_ls_udp/include//sdkeli_ls_udp/sdkeli_ls_common_udp.h
-- Symlinking: /home/tri/gitee_ws/sdkeli_gitee/install/sdkeli_ls_udp/include//sdkeli_ls_udp/sdkeli_ls_config.h
-- Symlinking: /home/tri/gitee_ws/sdkeli_gitee/install/sdkeli_ls_udp/include//sdkeli_ls_udp/sdkeli_ls_constants.h
-- Symlinking: /home/tri/gitee_ws/sdkeli_gitee/install/sdkeli_ls_udp/include//sdkeli_ls_udp/sdkeli_ls_sensor_frame.h
[31mCMake Error at ament_cmake_symlink_install/ament_cmake_symlink_install.cmake:100 (message):
  ament_cmake_symlink_install_directory() can't find
  '/home/tri/gitee_ws/sdkeli_gitee/launch'
Call Stack (most recent call first):
  ament_cmake_symlink_install/ament_cmake_symlink_install.cmake:320 (ament_cmake_symlink_install_directory)
  cmake_install.cmake:46 (include)

[0m
