[0.018s] Invoking command in '/home/tri/gitee_ws/sdkeli_gitee/build/sdkeli_ls_udp': CMAKE_PREFIX_PATH=${CMAKE_PREFIX_PATH}:/home/tri/structure_ws/install/camera_info_manager_py:/home/tri/ros2_ws/install/sdkeli_test:/home/tri/ros2_ws/install/rtabmap_python:/opt/ros/jazzy /usr/bin/cmake --build /home/tri/gitee_ws/sdkeli_gitee/build/sdkeli_ls_udp -- -j8 -l8
[0.120s] [ 14%] [32mBuilding CXX object CMakeFiles/sdkeli_ls_core.dir/src/sdkeli_ls_common.cpp.o[0m
[2.780s] [01m[K/home/tri/gitee_ws/sdkeli_gitee/src/sdkeli_ls_common.cpp:[m[K In member function ‘[01m[Kint sdkeli_ls_udp::CSDKeliLsCommon::[01;32m[KLoopOnce[m[K()[m[K’:
[2.780s] [01m[K/home/tri/gitee_ws/sdkeli_gitee/src/sdkeli_ls_common.cpp:148:30:[m[K [01;35m[Kwarning: [m[Kcomparison of integer expressions of different signedness: ‘[01m[Kunsigned int[m[K’ and ‘[01m[Kint[m[K’ [[01;35m[K]8;;https://gcc.gnu.org/onlinedocs/gcc/Warning-Options.html#index-Wsign-compare-Wsign-compare]8;;[m[K]
[2.780s]   148 |   for (unsigned int i = 0; [01;35m[Ki < sub_pkg_num - 1[m[K; ++i)
[2.780s]       |                            [01;35m[K~~^~~~~~~~~~~~~~~~~[m[K
[5.682s] [ 28%] [32m[1mLinking CXX static library libsdkeli_ls_core.a[0m
[5.795s] [ 71%] Built target sdkeli_ls_core
[5.825s] [ 85%] [32mBuilding CXX object CMakeFiles/sdkeli_ls1207de.dir/src/sdkeli_ls1207de.cpp.o[0m
[9.418s] [100%] [32m[1mLinking CXX executable sdkeli_ls1207de[0m
[9.685s] [100%] Built target sdkeli_ls1207de
[9.702s] Invoked command in '/home/tri/gitee_ws/sdkeli_gitee/build/sdkeli_ls_udp' returned '0': CMAKE_PREFIX_PATH=${CMAKE_PREFIX_PATH}:/home/tri/structure_ws/install/camera_info_manager_py:/home/tri/ros2_ws/install/sdkeli_test:/home/tri/ros2_ws/install/rtabmap_python:/opt/ros/jazzy /usr/bin/cmake --build /home/tri/gitee_ws/sdkeli_gitee/build/sdkeli_ls_udp -- -j8 -l8
[9.717s] Invoking command in '/home/tri/gitee_ws/sdkeli_gitee/build/sdkeli_ls_udp': CMAKE_PREFIX_PATH=${CMAKE_PREFIX_PATH}:/home/tri/structure_ws/install/camera_info_manager_py:/home/tri/ros2_ws/install/sdkeli_test:/home/tri/ros2_ws/install/rtabmap_python:/opt/ros/jazzy /usr/bin/cmake --install /home/tri/gitee_ws/sdkeli_gitee/build/sdkeli_ls_udp
[9.730s] -- Install configuration: ""
[9.730s] -- Execute custom install script
[9.731s] -- Symlinking: /home/tri/gitee_ws/sdkeli_gitee/install/sdkeli_ls_udp/lib/libsdkeli_ls_core.a
[9.744s] -- Symlinking: /home/tri/gitee_ws/sdkeli_gitee/install/sdkeli_ls_udp/lib/sdkeli_ls_udp/sdkeli_ls1207de
[9.758s] -- Symlinking: /home/tri/gitee_ws/sdkeli_gitee/install/sdkeli_ls_udp/include//sdkeli_ls_udp/parser_base.h
[9.772s] -- Symlinking: /home/tri/gitee_ws/sdkeli_gitee/install/sdkeli_ls_udp/include//sdkeli_ls_udp/sdkeli_ls1207de_parser.h
[9.785s] -- Symlinking: /home/tri/gitee_ws/sdkeli_gitee/install/sdkeli_ls_udp/include//sdkeli_ls_udp/sdkeli_ls_common.h
[9.798s] -- Symlinking: /home/tri/gitee_ws/sdkeli_gitee/install/sdkeli_ls_udp/include//sdkeli_ls_udp/sdkeli_ls_common_udp.h
[9.811s] -- Symlinking: /home/tri/gitee_ws/sdkeli_gitee/install/sdkeli_ls_udp/include//sdkeli_ls_udp/sdkeli_ls_config.h
[9.824s] -- Symlinking: /home/tri/gitee_ws/sdkeli_gitee/install/sdkeli_ls_udp/include//sdkeli_ls_udp/sdkeli_ls_constants.h
[9.837s] -- Symlinking: /home/tri/gitee_ws/sdkeli_gitee/install/sdkeli_ls_udp/include//sdkeli_ls_udp/sdkeli_ls_sensor_frame.h
[9.851s] [31mCMake Error at ament_cmake_symlink_install/ament_cmake_symlink_install.cmake:100 (message):
[9.851s]   ament_cmake_symlink_install_directory() can't find
[9.851s]   '/home/tri/gitee_ws/sdkeli_gitee/launch'
[9.851s] Call Stack (most recent call first):
[9.851s]   ament_cmake_symlink_install/ament_cmake_symlink_install.cmake:320 (ament_cmake_symlink_install_directory)
[9.852s]   cmake_install.cmake:46 (include)
[9.852s] 
[9.852s] [0m
[9.853s] Invoked command in '/home/tri/gitee_ws/sdkeli_gitee/build/sdkeli_ls_udp' returned '1': CMAKE_PREFIX_PATH=${CMAKE_PREFIX_PATH}:/home/tri/structure_ws/install/camera_info_manager_py:/home/tri/ros2_ws/install/sdkeli_test:/home/tri/ros2_ws/install/rtabmap_python:/opt/ros/jazzy /usr/bin/cmake --install /home/tri/gitee_ws/sdkeli_gitee/build/sdkeli_ls_udp
