[ 14%] [32mBuilding CXX object CMakeFiles/sdkeli_ls_core.dir/src/sdkeli_ls_common.cpp.o[0m
[ 42%] [32mBuilding CXX object CMakeFiles/sdkeli_ls_core.dir/src/sdkeli_ls_common_udp.cpp.o[0m
[ 42%] [32mBuilding CXX object CMakeFiles/sdkeli_ls_core.dir/src/sdkeli_ls_sensor_frame.cpp.o[0m
In file included from [01m[K/home/tri/gitee_ws/sdkeli_gitee/src/sdkeli_ls_sensor_frame.cpp:1[m[K:
[01m[K/home/tri/gitee_ws/sdkeli_gitee/include/sdkeli_ls_udp/sdkeli_ls_sensor_frame.h:20:24:[m[K [01;35m[Kwarning: [m[KISO C++ forbids zero-size array ‘[01m[Ksens_data[m[K’ [[01;35m[K]8;;https://gcc.gnu.org/onlinedocs/gcc/Warning-Options.html#index-Wpedantic-Wpedantic]8;;[m[K]
   20 |     uint16_t sens_data[[01;35m[K0[m[K];
      |                        [01;35m[K^[m[K
[01m[K/home/tri/gitee_ws/sdkeli_gitee/src/sdkeli_ls_common.cpp:[m[K In member function ‘[01m[Kint sdkeli_ls_udp::CSDKeliLsCommon::[01;32m[KLoopOnce[m[K()[m[K’:
[01m[K/home/tri/gitee_ws/sdkeli_gitee/src/sdkeli_ls_common.cpp:148:30:[m[K [01;35m[Kwarning: [m[Kcomparison of integer expressions of different signedness: ‘[01m[Kunsigned int[m[K’ and ‘[01m[Kint[m[K’ [[01;35m[K]8;;https://gcc.gnu.org/onlinedocs/gcc/Warning-Options.html#index-Wsign-compare-Wsign-compare]8;;[m[K]
  148 |   for (unsigned int i = 0; [01;35m[Ki < sub_pkg_num - 1[m[K; ++i)
      |                            [01;35m[K~~^~~~~~~~~~~~~~~~~[m[K
[01m[K/home/tri/gitee_ws/sdkeli_gitee/src/sdkeli_ls_common.cpp:[m[K At global scope:
[01m[K/home/tri/gitee_ws/sdkeli_gitee/src/sdkeli_ls_common.cpp:212:6:[m[K [01;31m[Kerror: [m[Kno declaration matches ‘[01m[Kvoid sdkeli_ls_udp::CSDKeliLsCommon::[01;32m[KDumpLaserMessage[m[K(sensor_msgs::msg::LaserScan&)[m[K’
  212 | void [01;31m[KCSDKeliLsCommon[m[K::DumpLaserMessage(
      |      [01;31m[K^~~~~~~~~~~~~~~[m[K
[01m[K/home/tri/gitee_ws/sdkeli_gitee/src/sdkeli_ls_common.cpp:212:6:[m[K [01;36m[Knote: [m[Kno functions named ‘[01m[Kvoid sdkeli_ls_udp::CSDKeliLsCommon::[01;32m[KDumpLaserMessage[m[K(sensor_msgs::msg::LaserScan&)[m[K’
In file included from [01m[K/home/tri/gitee_ws/sdkeli_gitee/src/sdkeli_ls_common.cpp:1[m[K:
[01m[K/home/tri/gitee_ws/sdkeli_gitee/include/sdkeli_ls_udp/sdkeli_ls_common.h:15:7:[m[K [01;36m[Knote: [m[K‘[01m[Kclass sdkeli_ls_udp::CSDKeliLsCommon[m[K’ defined here
   15 | class [01;36m[KCSDKeliLsCommon[m[K
      |       [01;36m[K^~~~~~~~~~~~~~~[m[K
gmake[2]: *** [CMakeFiles/sdkeli_ls_core.dir/build.make:76: CMakeFiles/sdkeli_ls_core.dir/src/sdkeli_ls_common.cpp.o] Error 1
gmake[1]: *** [CMakeFiles/Makefile2:139: CMakeFiles/sdkeli_ls_core.dir/all] Error 2
gmake: *** [Makefile:146: all] Error 2
